This file contains any messages produced by compilers while
running configure, to aid debugging if configure makes a mistake.

It was created by cencalvm configure 0.4.0, which was
generated by GNU Autoconf 2.59.  Invocation command line was

  $ ./configure 

## --------- ##
## Platform. ##
## --------- ##

hostname = iMac27-2035.local
uname -m = x86_64
uname -r = 14.5.0
uname -s = Darwin
uname -v = Darwin Kernel Version 14.5.0: Tue Sep  1 21:23:09 PDT 2015; root:xnu-2782.50.1~1/RELEASE_X86_64

/usr/bin/uname -p = i386
/bin/uname -X     = unknown

/bin/arch              = unknown
/usr/bin/arch -k       = unknown
/usr/convex/getsysinfo = unknown
hostinfo               = Mach kernel version:
	 Darwin Kernel Version 14.5.0: Tue Sep  1 21:23:09 PDT 2015; root:xnu-2782.50.1~1/RELEASE_X86_64
Kernel configured for up to 8 processors.
4 processors are physically available.
8 processors are logically available.
Processor type: x86_64h (Intel x86-64h Haswell)
Processors active: 0 1 2 3 4 5 6 7
Primary memory available: 16.00 gigabytes
Default processor set: 224 tasks, 1091 threads, 8 processors
Load average: 2.51, Mach factor: 5.48
/bin/machine           = unknown
/usr/bin/oslevel       = unknown
/bin/universe          = unknown

PATH: /opt/local/bin
PATH: /opt/local/sbin
PATH: /Applications/anaconda/bin
PATH: /opt/local/bin
PATH: /opt/local/sbin
PATH: /Users/anthony/local/bin
PATH: /usr/bin
PATH: /usr/local/bin
PATH: /usr/bin
PATH: /bin
PATH: /usr/sbin
PATH: /sbin
PATH: /opt/X11/bin
PATH: /Users/anthony/bin
PATH: .
PATH: /sbin
PATH: /opt/gmt/bin
PATH: /etc/glassfish3/bin
PATH: /etc/glassfish3/glassfish/bin
PATH: /Users/anthony/opt/twitteroauth


## ----------- ##
## Core tests. ##
## ----------- ##

configure:1565: checking for a BSD-compatible install
configure:1620: result: /usr/bin/install -c
configure:1631: checking whether build environment is sane
configure:1674: result: yes
configure:1739: checking for gawk
configure:1768: result: no
configure:1739: checking for mawk
configure:1768: result: no
configure:1739: checking for nawk
configure:1768: result: no
configure:1739: checking for awk
configure:1755: found /usr/bin/awk
configure:1765: result: awk
configure:1775: checking whether make sets $(MAKE)
configure:1795: result: yes
configure:2045: checking for g++
configure:2061: found /usr/bin/g++
configure:2071: result: g++
configure:2087: checking for C++ compiler version
configure:2090: g++ --version </dev/null >&5
Configured with: --prefix=/Applications/Xcode.app/Contents/Developer/usr --with-gxx-include-dir=/usr/include/c++/4.2.1
Apple LLVM version 7.0.2 (clang-700.1.81)
Target: x86_64-apple-darwin14.5.0
Thread model: posix
configure:2093: $? = 0
configure:2095: g++ -v </dev/null >&5
Configured with: --prefix=/Applications/Xcode.app/Contents/Developer/usr --with-gxx-include-dir=/usr/include/c++/4.2.1
Apple LLVM version 7.0.2 (clang-700.1.81)
Target: x86_64-apple-darwin14.5.0
Thread model: posix
configure:2098: $? = 0
configure:2100: g++ -V </dev/null >&5
clang: error: argument to '-V' is missing (expected 1 value)
clang: error: no input files
configure:2103: $? = 1
configure:2126: checking for C++ compiler default output file name
configure:2129: g++    conftest.cc  >&5
configure:2132: $? = 0
configure:2178: result: a.out
configure:2183: checking whether the C++ compiler works
configure:2189: ./a.out
configure:2192: $? = 0
configure:2209: result: yes
configure:2216: checking whether we are cross compiling
configure:2218: result: no
configure:2221: checking for suffix of executables
configure:2223: g++ -o conftest    conftest.cc  >&5
configure:2226: $? = 0
configure:2251: result: 
configure:2257: checking for suffix of object files
configure:2278: g++ -c   conftest.cc >&5
configure:2281: $? = 0
configure:2303: result: o
configure:2307: checking whether we are using the GNU C++ compiler
configure:2331: g++ -c   conftest.cc >&5
configure:2337: $? = 0
configure:2341: test -z 
			 || test ! -s conftest.err
configure:2344: $? = 0
configure:2347: test -s conftest.o
configure:2350: $? = 0
configure:2363: result: yes
configure:2369: checking whether g++ accepts -g
configure:2390: g++ -c -g  conftest.cc >&5
configure:2396: $? = 0
configure:2400: test -z 
			 || test ! -s conftest.err
configure:2403: $? = 0
configure:2406: test -s conftest.o
configure:2409: $? = 0
configure:2420: result: yes
configure:2462: g++ -c -g -O2  conftest.cc >&5
configure:2468: $? = 0
configure:2472: test -z 
			 || test ! -s conftest.err
configure:2475: $? = 0
configure:2478: test -s conftest.o
configure:2481: $? = 0
configure:2507: g++ -c -g -O2  conftest.cc >&5
conftest.cc:15:1: error: use of undeclared identifier 'exit'
exit (42);
^
1 error generated.
configure:2513: $? = 1
configure: failed program was:
| /* confdefs.h.  */
| 
| #define PACKAGE_NAME "cencalvm"
| #define PACKAGE_TARNAME "cencalvm"
| #define PACKAGE_VERSION "0.4.0"
| #define PACKAGE_STRING "cencalvm 0.4.0"
| #define PACKAGE_BUGREPORT "baagaard@usgs.gov"
| #define PACKAGE "cencalvm"
| #define VERSION "0.4.0"
| /* end confdefs.h.  */
| 
| int
| main ()
| {
| exit (42);
|   ;
|   return 0;
| }
configure:2462: g++ -c -g -O2  conftest.cc >&5
conftest.cc:11:17: error: use of undeclared identifier 'std'
extern "C" void std::exit (int) throw (); using std::exit;
                ^
conftest.cc:11:49: error: use of undeclared identifier 'std'
extern "C" void std::exit (int) throw (); using std::exit;
                                                ^
2 errors generated.
configure:2468: $? = 1
configure: failed program was:
| /* confdefs.h.  */
| 
| #define PACKAGE_NAME "cencalvm"
| #define PACKAGE_TARNAME "cencalvm"
| #define PACKAGE_VERSION "0.4.0"
| #define PACKAGE_STRING "cencalvm 0.4.0"
| #define PACKAGE_BUGREPORT "baagaard@usgs.gov"
| #define PACKAGE "cencalvm"
| #define VERSION "0.4.0"
| /* end confdefs.h.  */
| extern "C" void std::exit (int) throw (); using std::exit;
| #include <stdlib.h>
| int
| main ()
| {
| exit (42);
|   ;
|   return 0;
| }
configure:2462: g++ -c -g -O2  conftest.cc >&5
conftest.cc:11:17: error: use of undeclared identifier 'std'
extern "C" void std::exit (int); using std::exit;
                ^
conftest.cc:11:40: error: use of undeclared identifier 'std'
extern "C" void std::exit (int); using std::exit;
                                       ^
2 errors generated.
configure:2468: $? = 1
configure: failed program was:
| /* confdefs.h.  */
| 
| #define PACKAGE_NAME "cencalvm"
| #define PACKAGE_TARNAME "cencalvm"
| #define PACKAGE_VERSION "0.4.0"
| #define PACKAGE_STRING "cencalvm 0.4.0"
| #define PACKAGE_BUGREPORT "baagaard@usgs.gov"
| #define PACKAGE "cencalvm"
| #define VERSION "0.4.0"
| /* end confdefs.h.  */
| extern "C" void std::exit (int); using std::exit;
| #include <stdlib.h>
| int
| main ()
| {
| exit (42);
|   ;
|   return 0;
| }
configure:2462: g++ -c -g -O2  conftest.cc >&5
configure:2468: $? = 0
configure:2472: test -z 
			 || test ! -s conftest.err
configure:2475: $? = 0
configure:2478: test -s conftest.o
configure:2481: $? = 0
configure:2507: g++ -c -g -O2  conftest.cc >&5
configure:2513: $? = 0
configure:2517: test -z 
			 || test ! -s conftest.err
configure:2520: $? = 0
configure:2523: test -s conftest.o
configure:2526: $? = 0
configure:2560: checking for style of include used by make
configure:2588: result: GNU
configure:2616: checking dependency style of g++
configure:2706: result: gcc3
configure:2769: checking for gcc
configure:2785: found /usr/bin/gcc
configure:2795: result: gcc
configure:3039: checking for C compiler version
configure:3042: gcc --version </dev/null >&5
Configured with: --prefix=/Applications/Xcode.app/Contents/Developer/usr --with-gxx-include-dir=/usr/include/c++/4.2.1
Apple LLVM version 7.0.2 (clang-700.1.81)
Target: x86_64-apple-darwin14.5.0
Thread model: posix
configure:3045: $? = 0
configure:3047: gcc -v </dev/null >&5
Configured with: --prefix=/Applications/Xcode.app/Contents/Developer/usr --with-gxx-include-dir=/usr/include/c++/4.2.1
Apple LLVM version 7.0.2 (clang-700.1.81)
Target: x86_64-apple-darwin14.5.0
Thread model: posix
configure:3050: $? = 0
configure:3052: gcc -V </dev/null >&5
clang: error: argument to '-V' is missing (expected 1 value)
clang: error: no input files
configure:3055: $? = 1
configure:3058: checking whether we are using the GNU C compiler
configure:3082: gcc -c   conftest.c >&5
configure:3088: $? = 0
configure:3092: test -z 
			 || test ! -s conftest.err
configure:3095: $? = 0
configure:3098: test -s conftest.o
configure:3101: $? = 0
configure:3114: result: yes
configure:3120: checking whether gcc accepts -g
configure:3141: gcc -c -g  conftest.c >&5
configure:3147: $? = 0
configure:3151: test -z 
			 || test ! -s conftest.err
configure:3154: $? = 0
configure:3157: test -s conftest.o
configure:3160: $? = 0
configure:3171: result: yes
configure:3188: checking for gcc option to accept ANSI C
configure:3258: gcc  -c -g -O2  conftest.c >&5
configure:3264: $? = 0
configure:3268: test -z 
			 || test ! -s conftest.err
configure:3271: $? = 0
configure:3274: test -s conftest.o
configure:3277: $? = 0
configure:3295: result: none needed
configure:3313: gcc -c -g -O2  conftest.c >&5
conftest.c:2:3: error: unknown type name 'choke'
  choke me
  ^
conftest.c:2:11: error: expected ';' after top level declarator
  choke me
          ^
          ;
2 errors generated.
configure:3319: $? = 1
configure: failed program was:
| #ifndef __cplusplus
|   choke me
| #endif
configure:3454: checking dependency style of gcc
configure:3544: result: gcc3
configure:3612: checking for f95
configure:3641: result: no
configure:3612: checking for fort
configure:3641: result: no
configure:3612: checking for xlf95
configure:3641: result: no
configure:3612: checking for ifc
configure:3641: result: no
configure:3612: checking for efc
configure:3641: result: no
configure:3612: checking for pgf95
configure:3641: result: no
configure:3612: checking for lf95
configure:3641: result: no
configure:3612: checking for gfortran
configure:3628: found /Users/anthony/local/bin/gfortran
configure:3638: result: gfortran
configure:3653: checking for Fortran compiler version
configure:3656: gfortran --version </dev/null >&5
couldn't understand kern.osversion `14.5.0'
GNU Fortran (GCC) 4.3.0 20071026 (experimental)
Copyright (C) 2007 Free Software Foundation, Inc.

GNU Fortran comes with NO WARRANTY, to the extent permitted by law.
You may redistribute copies of GNU Fortran
under the terms of the GNU General Public License.
For more information about these matters, see the file named COPYING

configure:3659: $? = 0
configure:3661: gfortran -v </dev/null >&5
couldn't understand kern.osversion `14.5.0'
Using built-in specs.
Target: i386-apple-darwin9.0.0
Configured with: ../gcc-4.3-20071026/configure --enable-languages=fortran
Thread model: posix
gcc version 4.3.0 20071026 (experimental) (GCC) 
configure:3664: $? = 0
configure:3666: gfortran -V </dev/null >&5
gfortran: '-V' option must have argument
configure:3669: $? = 1
configure:3677: checking whether we are using the GNU Fortran compiler
configure:3691: gfortran -c   conftest.F >&5
couldn't understand kern.osversion `14.5.0'
configure:3697: $? = 0
configure:3701: test -z 
			 || test ! -s conftest.err
configure:3704: $? = 0
configure:3707: test -s conftest.o
configure:3710: $? = 0
configure:3723: result: yes
configure:3729: checking whether gfortran accepts -g
configure:3741: gfortran -c -g  conftest.f >&5
couldn't understand kern.osversion `14.5.0'
configure:3747: $? = 0
configure:3751: test -z 
			 || test ! -s conftest.err
configure:3754: $? = 0
configure:3757: test -s conftest.o
configure:3760: $? = 0
configure:3772: result: yes
configure:3801: checking how to get verbose linking output from gfortran
configure:3812: gfortran -c -g -O2  conftest.f >&5
couldn't understand kern.osversion `14.5.0'
configure:3818: $? = 0
configure:3822: test -z 
			 || test ! -s conftest.err
configure:3825: $? = 0
configure:3828: test -s conftest.o
configure:3831: $? = 0
configure:3848: gfortran -o conftest -g -O2 -v   conftest.f  >&5
couldn't understand kern.osversion `14.5.0'
Using built-in specs.
Target: i386-apple-darwin9.0.0
Configured with: ../gcc-4.3-20071026/configure --enable-languages=fortran
Thread model: posix
gcc version 4.3.0 20071026 (experimental) (GCC) 
COLLECT_GCC_OPTIONS='-o' 'conftest' '-g' '-O2' '-v' '-shared-libgcc' '-mtune=generic'
 /Users/anthony/local/bin/../libexec/gcc/i386-apple-darwin9.0.0/4.3.0/f951 conftest.f -ffixed-form -fPIC -mmacosx-version-min=10.4 -feliminate-unused-debug-symbols -quiet -dumpbase conftest.f -mtune=generic -auxbase conftest -g -O2 -version -fintrinsic-modules-path /Users/anthony/local/bin/../lib/gcc/i386-apple-darwin9.0.0/4.3.0/finclude -o /var/folders/_5/fc9s5lr13zs69dmkghkwzkbr0000gn/T//cc3OM8je.s
GNU F95 (GCC) version 4.3.0 20071026 (experimental) (i386-apple-darwin9.0.0)
	compiled by GNU C version 4.3.0 20071026 (experimental), GMP version 4.2.1, MPFR version 2.2.1.
GGC heuristics: --param ggc-min-expand=30 --param ggc-min-heapsize=4096
COLLECT_GCC_OPTIONS='-o' 'conftest' '-g' '-O2' '-v' '-shared-libgcc' '-mtune=generic'
 as -arch i386 -force_cpusubtype_ALL -o /var/folders/_5/fc9s5lr13zs69dmkghkwzkbr0000gn/T//ccl0Fcad.o /var/folders/_5/fc9s5lr13zs69dmkghkwzkbr0000gn/T//cc3OM8je.s
COMPILER_PATH=/Users/anthony/local/bin/../libexec/gcc/i386-apple-darwin9.0.0/4.3.0/:/Users/anthony/local/bin/../libexec/gcc/
LIBRARY_PATH=/Users/anthony/local/bin/../lib/gcc/i386-apple-darwin9.0.0/4.3.0/:/Users/anthony/local/bin/../lib/gcc/:/Users/anthony/local/bin/../lib/gcc/i386-apple-darwin9.0.0/4.3.0/../../../:/usr/lib/
COLLECT_GCC_OPTIONS='-o' 'conftest' '-g' '-O2' '-v' '-shared-libgcc' '-mtune=generic'
 /Users/anthony/local/bin/../libexec/gcc/i386-apple-darwin9.0.0/4.3.0/collect2 -dynamic -arch i386 -macosx_version_min 10.4 -multiply_defined suppress -weak_reference_mismatches non-weak -o conftest -lcrt1.o /Users/anthony/local/bin/../lib/gcc/i386-apple-darwin9.0.0/4.3.0/crt3.o -L/Users/anthony/local/bin/../lib/gcc/i386-apple-darwin9.0.0/4.3.0 -L/Users/anthony/local/bin/../lib/gcc -L/Users/anthony/local/bin/../lib/gcc/i386-apple-darwin9.0.0/4.3.0/../../.. /var/folders/_5/fc9s5lr13zs69dmkghkwzkbr0000gn/T//ccl0Fcad.o -lgfortranbegin -lgfortran -lgcc_s.10.4 -lgcc -lSystem
ld: warning: object file (/var/folders/_5/fc9s5lr13zs69dmkghkwzkbr0000gn/T//ccl0Fcad.o) was built for newer OSX version (10.10) than being linked (10.4)
COLLECT_GCC_OPTIONS='-o' 'conftest' '-g' '-O2' '-v' '-shared-libgcc' '-mtune=generic'
configure:3903: result: -v
configure:3905: checking for Fortran libraries of gfortran
configure:3926: gfortran -o conftest -g -O2 -v   conftest.f  >&5
couldn't understand kern.osversion `14.5.0'
Using built-in specs.
Target: i386-apple-darwin9.0.0
Configured with: ../gcc-4.3-20071026/configure --enable-languages=fortran
Thread model: posix
gcc version 4.3.0 20071026 (experimental) (GCC) 
COLLECT_GCC_OPTIONS='-o' 'conftest' '-g' '-O2' '-v' '-shared-libgcc' '-mtune=generic'
 /Users/anthony/local/bin/../libexec/gcc/i386-apple-darwin9.0.0/4.3.0/f951 conftest.f -ffixed-form -fPIC -mmacosx-version-min=10.4 -feliminate-unused-debug-symbols -quiet -dumpbase conftest.f -mtune=generic -auxbase conftest -g -O2 -version -fintrinsic-modules-path /Users/anthony/local/bin/../lib/gcc/i386-apple-darwin9.0.0/4.3.0/finclude -o /var/folders/_5/fc9s5lr13zs69dmkghkwzkbr0000gn/T//cczCzYmI.s
GNU F95 (GCC) version 4.3.0 20071026 (experimental) (i386-apple-darwin9.0.0)
	compiled by GNU C version 4.3.0 20071026 (experimental), GMP version 4.2.1, MPFR version 2.2.1.
GGC heuristics: --param ggc-min-expand=30 --param ggc-min-heapsize=4096
COLLECT_GCC_OPTIONS='-o' 'conftest' '-g' '-O2' '-v' '-shared-libgcc' '-mtune=generic'
 as -arch i386 -force_cpusubtype_ALL -o /var/folders/_5/fc9s5lr13zs69dmkghkwzkbr0000gn/T//ccHD5pU0.o /var/folders/_5/fc9s5lr13zs69dmkghkwzkbr0000gn/T//cczCzYmI.s
COMPILER_PATH=/Users/anthony/local/bin/../libexec/gcc/i386-apple-darwin9.0.0/4.3.0/:/Users/anthony/local/bin/../libexec/gcc/
LIBRARY_PATH=/Users/anthony/local/bin/../lib/gcc/i386-apple-darwin9.0.0/4.3.0/:/Users/anthony/local/bin/../lib/gcc/:/Users/anthony/local/bin/../lib/gcc/i386-apple-darwin9.0.0/4.3.0/../../../:/usr/lib/
COLLECT_GCC_OPTIONS='-o' 'conftest' '-g' '-O2' '-v' '-shared-libgcc' '-mtune=generic'
 /Users/anthony/local/bin/../libexec/gcc/i386-apple-darwin9.0.0/4.3.0/collect2 -dynamic -arch i386 -macosx_version_min 10.4 -multiply_defined suppress -weak_reference_mismatches non-weak -o conftest -lcrt1.o /Users/anthony/local/bin/../lib/gcc/i386-apple-darwin9.0.0/4.3.0/crt3.o -L/Users/anthony/local/bin/../lib/gcc/i386-apple-darwin9.0.0/4.3.0 -L/Users/anthony/local/bin/../lib/gcc -L/Users/anthony/local/bin/../lib/gcc/i386-apple-darwin9.0.0/4.3.0/../../.. /var/folders/_5/fc9s5lr13zs69dmkghkwzkbr0000gn/T//ccHD5pU0.o -lgfortranbegin -lgfortran -lgcc_s.10.4 -lgcc -lSystem
ld: warning: object file (/var/folders/_5/fc9s5lr13zs69dmkghkwzkbr0000gn/T//ccHD5pU0.o) was built for newer OSX version (10.10) than being linked (10.4)
COLLECT_GCC_OPTIONS='-o' 'conftest' '-g' '-O2' '-v' '-shared-libgcc' '-mtune=generic'
configure:4087: result:  -L/Users/anthony/local/bin/../lib/gcc/i386-apple-darwin9.0.0/4.3.0 -L/Users/anthony/local/bin/../lib/gcc -L/Users/anthony/local/bin/../lib/gcc/i386-apple-darwin9.0.0/4.3.0/../../.. -lgfortranbegin -lgfortran -lgcc_s.10.4 -lSystem
configure:4104: checking for dummy main to link with Fortran libraries
configure:4143: gcc -o conftest -g -O2   conftest.c   -L/Users/anthony/local/bin/../lib/gcc/i386-apple-darwin9.0.0/4.3.0 -L/Users/anthony/local/bin/../lib/gcc -L/Users/anthony/local/bin/../lib/gcc/i386-apple-darwin9.0.0/4.3.0/../../.. -lgfortranbegin -lgfortran -lgcc_s.10.4 -lSystem >&5
ld: warning: ld: warning: ignoring file /Users/anthony/local/lib/libgfortran.dylib, file was built for i386 which is not the architecture being linked (x86_64): /Users/anthony/local/lib/libgfortran.dylibignoring file /Users/anthony/local/lib/gcc/i386-apple-darwin9.0.0/4.3.0/libgfortranbegin.a, file was built for archive which is not the architecture being linked (x86_64): /Users/anthony/local/lib/gcc/i386-apple-darwin9.0.0/4.3.0/libgfortranbegin.a

configure:4149: $? = 0
configure:4153: test -z 
			 || test ! -s conftest.err
configure:4156: $? = 0
configure:4159: test -s conftest
configure:4162: $? = 0
configure:4240: result: none
configure:4277: checking for Fortran name-mangling scheme
configure:4291: gfortran -c -g -O2  conftest.f >&5
couldn't understand kern.osversion `14.5.0'
configure:4297: $? = 0
configure:4301: test -z 
			 || test ! -s conftest.err
configure:4304: $? = 0
configure:4307: test -s conftest.o
configure:4310: $? = 0
configure:4357: gcc -o conftest -g -O2   conftest.c cfortran_test.o   -L/Users/anthony/local/bin/../lib/gcc/i386-apple-darwin9.0.0/4.3.0 -L/Users/anthony/local/bin/../lib/gcc -L/Users/anthony/local/bin/../lib/gcc/i386-apple-darwin9.0.0/4.3.0/../../.. -lgfortranbegin -lgfortran -lgcc_s.10.4 -lSystem >&5
ld: warning: ld: warning: ld: warning: ignoring file /Users/anthony/local/lib/libgfortran.dylib, file was built for i386 which is not the architecture being linked (x86_64): /Users/anthony/local/lib/libgfortran.dylibignoring file cfortran_test.o, file was built for i386 which is not the architecture being linked (x86_64): cfortran_test.oignoring file /Users/anthony/local/lib/gcc/i386-apple-darwin9.0.0/4.3.0/libgfortranbegin.a, file was built for archive which is not the architecture being linked (x86_64): /Users/anthony/local/lib/gcc/i386-apple-darwin9.0.0/4.3.0/libgfortranbegin.a


Undefined symbols for architecture x86_64:
  "_foobar", referenced from:
      _main in conftest-da3275.o
ld: symbol(s) not found for architecture x86_64
clang: error: linker command failed with exit code 1 (use -v to see invocation)
configure:4363: $? = 1
configure: failed program was:
| /* confdefs.h.  */
| 
| #define PACKAGE_NAME "cencalvm"
| #define PACKAGE_TARNAME "cencalvm"
| #define PACKAGE_VERSION "0.4.0"
| #define PACKAGE_STRING "cencalvm 0.4.0"
| #define PACKAGE_BUGREPORT "baagaard@usgs.gov"
| #define PACKAGE "cencalvm"
| #define VERSION "0.4.0"
| #ifdef __cplusplus
| extern "C" void exit (int) throw ();
| #endif
| /* end confdefs.h.  */
| 
| /* Override any gcc2 internal prototype to avoid an error.  */
| #ifdef __cplusplus
| extern "C"
| #endif
| /* We use char because int might match the return type of a gcc2
|    builtin and then its argument prototype would still apply.  */
| char foobar ();
| #ifdef FC_DUMMY_MAIN
| #ifndef FC_DUMMY_MAIN_EQ_F77
| #  ifdef __cplusplus
|      extern "C"
| #  endif
|    int FC_DUMMY_MAIN() { return 1; }
| #endif
| #endif
| int
| main ()
| {
| foobar ();
|   ;
|   return 0;
| }
configure:4357: gcc -o conftest -g -O2   conftest.c cfortran_test.o   -L/Users/anthony/local/bin/../lib/gcc/i386-apple-darwin9.0.0/4.3.0 -L/Users/anthony/local/bin/../lib/gcc -L/Users/anthony/local/bin/../lib/gcc/i386-apple-darwin9.0.0/4.3.0/../../.. -lgfortranbegin -lgfortran -lgcc_s.10.4 -lSystem >&5
ld: warning: ld: warning: ld: warning: ignoring file /Users/anthony/local/lib/libgfortran.dylib, file was built for i386 which is not the architecture being linked (x86_64): /Users/anthony/local/lib/libgfortran.dylibignoring file cfortran_test.o, file was built for i386 which is not the architecture being linked (x86_64): cfortran_test.oignoring file /Users/anthony/local/lib/gcc/i386-apple-darwin9.0.0/4.3.0/libgfortranbegin.a, file was built for archive which is not the architecture being linked (x86_64): /Users/anthony/local/lib/gcc/i386-apple-darwin9.0.0/4.3.0/libgfortranbegin.a


Undefined symbols for architecture x86_64:
  "_foobar_", referenced from:
      _main in conftest-8bd3cf.o
ld: symbol(s) not found for architecture x86_64
clang: error: linker command failed with exit code 1 (use -v to see invocation)
configure:4363: $? = 1
configure: failed program was:
| /* confdefs.h.  */
| 
| #define PACKAGE_NAME "cencalvm"
| #define PACKAGE_TARNAME "cencalvm"
| #define PACKAGE_VERSION "0.4.0"
| #define PACKAGE_STRING "cencalvm 0.4.0"
| #define PACKAGE_BUGREPORT "baagaard@usgs.gov"
| #define PACKAGE "cencalvm"
| #define VERSION "0.4.0"
| #ifdef __cplusplus
| extern "C" void exit (int) throw ();
| #endif
| /* end confdefs.h.  */
| 
| /* Override any gcc2 internal prototype to avoid an error.  */
| #ifdef __cplusplus
| extern "C"
| #endif
| /* We use char because int might match the return type of a gcc2
|    builtin and then its argument prototype would still apply.  */
| char foobar_ ();
| #ifdef FC_DUMMY_MAIN
| #ifndef FC_DUMMY_MAIN_EQ_F77
| #  ifdef __cplusplus
|      extern "C"
| #  endif
|    int FC_DUMMY_MAIN() { return 1; }
| #endif
| #endif
| int
| main ()
| {
| foobar_ ();
|   ;
|   return 0;
| }
configure:4357: gcc -o conftest -g -O2   conftest.c cfortran_test.o   -L/Users/anthony/local/bin/../lib/gcc/i386-apple-darwin9.0.0/4.3.0 -L/Users/anthony/local/bin/../lib/gcc -L/Users/anthony/local/bin/../lib/gcc/i386-apple-darwin9.0.0/4.3.0/../../.. -lgfortranbegin -lgfortran -lgcc_s.10.4 -lSystem >&5
ld: warning: ld: warning: ld: warning: ignoring file /Users/anthony/local/lib/libgfortran.dylib, file was built for i386 which is not the architecture being linked (x86_64): /Users/anthony/local/lib/libgfortran.dylibignoring file cfortran_test.o, file was built for i386 which is not the architecture being linked (x86_64): cfortran_test.oignoring file /Users/anthony/local/lib/gcc/i386-apple-darwin9.0.0/4.3.0/libgfortranbegin.a, file was built for archive which is not the architecture being linked (x86_64): /Users/anthony/local/lib/gcc/i386-apple-darwin9.0.0/4.3.0/libgfortranbegin.a


Undefined symbols for architecture x86_64:
  "_FOOBAR", referenced from:
      _main in conftest-224d51.o
ld: symbol(s) not found for architecture x86_64
clang: error: linker command failed with exit code 1 (use -v to see invocation)
configure:4363: $? = 1
configure: failed program was:
| /* confdefs.h.  */
| 
| #define PACKAGE_NAME "cencalvm"
| #define PACKAGE_TARNAME "cencalvm"
| #define PACKAGE_VERSION "0.4.0"
| #define PACKAGE_STRING "cencalvm 0.4.0"
| #define PACKAGE_BUGREPORT "baagaard@usgs.gov"
| #define PACKAGE "cencalvm"
| #define VERSION "0.4.0"
| #ifdef __cplusplus
| extern "C" void exit (int) throw ();
| #endif
| /* end confdefs.h.  */
| 
| /* Override any gcc2 internal prototype to avoid an error.  */
| #ifdef __cplusplus
| extern "C"
| #endif
| /* We use char because int might match the return type of a gcc2
|    builtin and then its argument prototype would still apply.  */
| char FOOBAR ();
| #ifdef FC_DUMMY_MAIN
| #ifndef FC_DUMMY_MAIN_EQ_F77
| #  ifdef __cplusplus
|      extern "C"
| #  endif
|    int FC_DUMMY_MAIN() { return 1; }
| #endif
| #endif
| int
| main ()
| {
| FOOBAR ();
|   ;
|   return 0;
| }
configure:4357: gcc -o conftest -g -O2   conftest.c cfortran_test.o   -L/Users/anthony/local/bin/../lib/gcc/i386-apple-darwin9.0.0/4.3.0 -L/Users/anthony/local/bin/../lib/gcc -L/Users/anthony/local/bin/../lib/gcc/i386-apple-darwin9.0.0/4.3.0/../../.. -lgfortranbegin -lgfortran -lgcc_s.10.4 -lSystem >&5
ld: warning: ignoring file cfortran_test.o, file was built for i386 which is not the architecture being linked (x86_64): cfortran_test.o
ld: warning: ignoring file /Users/anthony/local/lib/gcc/i386-apple-darwin9.0.0/4.3.0/libgfortranbegin.a, file was built for archive which is not the architecture being linked (x86_64): /Users/anthony/local/lib/gcc/i386-apple-darwin9.0.0/4.3.0/libgfortranbegin.a
ld: warning: ignoring file /Users/anthony/local/lib/libgfortran.dylib, file was built for i386 which is not the architecture being linked (x86_64): /Users/anthony/local/lib/libgfortran.dylib
Undefined symbols for architecture x86_64:
  "_FOOBAR_", referenced from:
      _main in conftest-ffe7fe.o
ld: symbol(s) not found for architecture x86_64
clang: error: linker command failed with exit code 1 (use -v to see invocation)
configure:4363: $? = 1
configure: failed program was:
| /* confdefs.h.  */
| 
| #define PACKAGE_NAME "cencalvm"
| #define PACKAGE_TARNAME "cencalvm"
| #define PACKAGE_VERSION "0.4.0"
| #define PACKAGE_STRING "cencalvm 0.4.0"
| #define PACKAGE_BUGREPORT "baagaard@usgs.gov"
| #define PACKAGE "cencalvm"
| #define VERSION "0.4.0"
| #ifdef __cplusplus
| extern "C" void exit (int) throw ();
| #endif
| /* end confdefs.h.  */
| 
| /* Override any gcc2 internal prototype to avoid an error.  */
| #ifdef __cplusplus
| extern "C"
| #endif
| /* We use char because int might match the return type of a gcc2
|    builtin and then its argument prototype would still apply.  */
| char FOOBAR_ ();
| #ifdef FC_DUMMY_MAIN
| #ifndef FC_DUMMY_MAIN_EQ_F77
| #  ifdef __cplusplus
|      extern "C"
| #  endif
|    int FC_DUMMY_MAIN() { return 1; }
| #endif
| #endif
| int
| main ()
| {
| FOOBAR_ ();
|   ;
|   return 0;
| }
configure:4513: result: unknown
configure:4602: WARNING: unknown Fortran name-mangling scheme
configure:4617: checking how to get verbose linking output from gfortran
configure:4719: result: -v
configure:4721: checking for Fortran libraries of gfortran
configure:4903: result:  -L/Users/anthony/local/bin/../lib/gcc/i386-apple-darwin9.0.0/4.3.0 -L/Users/anthony/local/bin/../lib/gcc -L/Users/anthony/local/bin/../lib/gcc/i386-apple-darwin9.0.0/4.3.0/../../.. -lgfortranbegin -lgfortran -lgcc_s.10.4 -lSystem
configure:4992: checking build system type
configure:5010: result: i686-apple-darwin14.5.0
configure:5018: checking host system type
configure:5032: result: i686-apple-darwin14.5.0
configure:5040: checking for a sed that does not truncate output
configure:5094: result: /usr/bin/sed
configure:5097: checking for egrep
configure:5107: result: grep -E
configure:5123: checking for ld used by gcc
configure:5190: result: /Applications/Xcode.app/Contents/Developer/Toolchains/XcodeDefault.xctoolchain/usr/bin/ld
configure:5199: checking if the linker (/Applications/Xcode.app/Contents/Developer/Toolchains/XcodeDefault.xctoolchain/usr/bin/ld) is GNU ld
configure:5214: result: no
configure:5219: checking for /Applications/Xcode.app/Contents/Developer/Toolchains/XcodeDefault.xctoolchain/usr/bin/ld option to reload object files
configure:5226: result: -r
configure:5235: checking for BSD-compatible nm
configure:5277: result: /usr/bin/nm
configure:5281: checking whether ln -s works
configure:5285: result: yes
configure:5292: checking how to recognise dependent libraries
configure:5475: result: pass_all
configure:5696: checking how to run the C preprocessor
configure:5731: gcc -E  conftest.c
configure:5737: $? = 0
configure:5769: gcc -E  conftest.c
conftest.c:14:10: fatal error: 'ac_nonexistent.h' file not found
#include <ac_nonexistent.h>
         ^
1 error generated.
configure:5775: $? = 1
configure: failed program was:
| /* confdefs.h.  */
| 
| #define PACKAGE_NAME "cencalvm"
| #define PACKAGE_TARNAME "cencalvm"
| #define PACKAGE_VERSION "0.4.0"
| #define PACKAGE_STRING "cencalvm 0.4.0"
| #define PACKAGE_BUGREPORT "baagaard@usgs.gov"
| #define PACKAGE "cencalvm"
| #define VERSION "0.4.0"
| #ifdef __cplusplus
| extern "C" void exit (int) throw ();
| #endif
| /* end confdefs.h.  */
| #include <ac_nonexistent.h>
configure:5814: result: gcc -E
configure:5838: gcc -E  conftest.c
configure:5844: $? = 0
configure:5876: gcc -E  conftest.c
conftest.c:14:10: fatal error: 'ac_nonexistent.h' file not found
#include <ac_nonexistent.h>
         ^
1 error generated.
configure:5882: $? = 1
configure: failed program was:
| /* confdefs.h.  */
| 
| #define PACKAGE_NAME "cencalvm"
| #define PACKAGE_TARNAME "cencalvm"
| #define PACKAGE_VERSION "0.4.0"
| #define PACKAGE_STRING "cencalvm 0.4.0"
| #define PACKAGE_BUGREPORT "baagaard@usgs.gov"
| #define PACKAGE "cencalvm"
| #define VERSION "0.4.0"
| #ifdef __cplusplus
| extern "C" void exit (int) throw ();
| #endif
| /* end confdefs.h.  */
| #include <ac_nonexistent.h>
configure:5926: checking for ANSI C header files
configure:5959: gcc -c -g -O2  conftest.c >&5
configure:5965: $? = 0
configure:5969: test -z 
			 || test ! -s conftest.err
configure:5972: $? = 0
configure:5975: test -s conftest.o
configure:5978: $? = 0
configure:6067: gcc -o conftest -g -O2   conftest.c  >&5
conftest.c:31:7: warning: implicitly declaring library function 'exit' with type 'void (int) __attribute__((noreturn))'
      exit(2);
      ^
conftest.c:31:7: note: include the header <stdlib.h> or explicitly provide a declaration for 'exit'
1 warning generated.
configure:6070: $? = 0
configure:6072: ./conftest
configure:6075: $? = 0
configure:6090: result: yes
configure:6114: checking for sys/types.h
configure:6130: gcc -c -g -O2  conftest.c >&5
configure:6136: $? = 0
configure:6140: test -z 
			 || test ! -s conftest.err
configure:6143: $? = 0
configure:6146: test -s conftest.o
configure:6149: $? = 0
configure:6160: result: yes
configure:6114: checking for sys/stat.h
configure:6130: gcc -c -g -O2  conftest.c >&5
configure:6136: $? = 0
configure:6140: test -z 
			 || test ! -s conftest.err
configure:6143: $? = 0
configure:6146: test -s conftest.o
configure:6149: $? = 0
configure:6160: result: yes
configure:6114: checking for stdlib.h
configure:6130: gcc -c -g -O2  conftest.c >&5
configure:6136: $? = 0
configure:6140: test -z 
			 || test ! -s conftest.err
configure:6143: $? = 0
configure:6146: test -s conftest.o
configure:6149: $? = 0
configure:6160: result: yes
configure:6114: checking for string.h
configure:6130: gcc -c -g -O2  conftest.c >&5
configure:6136: $? = 0
configure:6140: test -z 
			 || test ! -s conftest.err
configure:6143: $? = 0
configure:6146: test -s conftest.o
configure:6149: $? = 0
configure:6160: result: yes
configure:6114: checking for memory.h
configure:6130: gcc -c -g -O2  conftest.c >&5
configure:6136: $? = 0
configure:6140: test -z 
			 || test ! -s conftest.err
configure:6143: $? = 0
configure:6146: test -s conftest.o
configure:6149: $? = 0
configure:6160: result: yes
configure:6114: checking for strings.h
configure:6130: gcc -c -g -O2  conftest.c >&5
configure:6136: $? = 0
configure:6140: test -z 
			 || test ! -s conftest.err
configure:6143: $? = 0
configure:6146: test -s conftest.o
configure:6149: $? = 0
configure:6160: result: yes
configure:6114: checking for inttypes.h
configure:6130: gcc -c -g -O2  conftest.c >&5
configure:6136: $? = 0
configure:6140: test -z 
			 || test ! -s conftest.err
configure:6143: $? = 0
configure:6146: test -s conftest.o
configure:6149: $? = 0
configure:6160: result: yes
configure:6114: checking for stdint.h
configure:6130: gcc -c -g -O2  conftest.c >&5
configure:6136: $? = 0
configure:6140: test -z 
			 || test ! -s conftest.err
configure:6143: $? = 0
configure:6146: test -s conftest.o
configure:6149: $? = 0
configure:6160: result: yes
configure:6114: checking for unistd.h
configure:6130: gcc -c -g -O2  conftest.c >&5
configure:6136: $? = 0
configure:6140: test -z 
			 || test ! -s conftest.err
configure:6143: $? = 0
configure:6146: test -s conftest.o
configure:6149: $? = 0
configure:6160: result: yes
configure:6186: checking dlfcn.h usability
configure:6198: gcc -c -g -O2  conftest.c >&5
configure:6204: $? = 0
configure:6208: test -z 
			 || test ! -s conftest.err
configure:6211: $? = 0
configure:6214: test -s conftest.o
configure:6217: $? = 0
configure:6227: result: yes
configure:6231: checking dlfcn.h presence
configure:6241: gcc -E  conftest.c
configure:6247: $? = 0
configure:6267: result: yes
configure:6302: checking for dlfcn.h
configure:6309: result: yes
configure:6327: checking how to run the C++ preprocessor
configure:6358: g++ -E  conftest.cc
configure:6364: $? = 0
configure:6396: g++ -E  conftest.cc
conftest.cc:25:10: fatal error: 'ac_nonexistent.h' file not found
#include <ac_nonexistent.h>
         ^
1 error generated.
configure:6402: $? = 1
configure: failed program was:
| /* confdefs.h.  */
| 
| #define PACKAGE_NAME "cencalvm"
| #define PACKAGE_TARNAME "cencalvm"
| #define PACKAGE_VERSION "0.4.0"
| #define PACKAGE_STRING "cencalvm 0.4.0"
| #define PACKAGE_BUGREPORT "baagaard@usgs.gov"
| #define PACKAGE "cencalvm"
| #define VERSION "0.4.0"
| #ifdef __cplusplus
| extern "C" void exit (int) throw ();
| #endif
| #define STDC_HEADERS 1
| #define HAVE_SYS_TYPES_H 1
| #define HAVE_SYS_STAT_H 1
| #define HAVE_STDLIB_H 1
| #define HAVE_STRING_H 1
| #define HAVE_MEMORY_H 1
| #define HAVE_STRINGS_H 1
| #define HAVE_INTTYPES_H 1
| #define HAVE_STDINT_H 1
| #define HAVE_UNISTD_H 1
| #define HAVE_DLFCN_H 1
| /* end confdefs.h.  */
| #include <ac_nonexistent.h>
configure:6441: result: g++ -E
configure:6465: g++ -E  conftest.cc
configure:6471: $? = 0
configure:6503: g++ -E  conftest.cc
conftest.cc:25:10: fatal error: 'ac_nonexistent.h' file not found
#include <ac_nonexistent.h>
         ^
1 error generated.
configure:6509: $? = 1
configure: failed program was:
| /* confdefs.h.  */
| 
| #define PACKAGE_NAME "cencalvm"
| #define PACKAGE_TARNAME "cencalvm"
| #define PACKAGE_VERSION "0.4.0"
| #define PACKAGE_STRING "cencalvm 0.4.0"
| #define PACKAGE_BUGREPORT "baagaard@usgs.gov"
| #define PACKAGE "cencalvm"
| #define VERSION "0.4.0"
| #ifdef __cplusplus
| extern "C" void exit (int) throw ();
| #endif
| #define STDC_HEADERS 1
| #define HAVE_SYS_TYPES_H 1
| #define HAVE_SYS_STAT_H 1
| #define HAVE_STDLIB_H 1
| #define HAVE_STRING_H 1
| #define HAVE_MEMORY_H 1
| #define HAVE_STRINGS_H 1
| #define HAVE_INTTYPES_H 1
| #define HAVE_STDINT_H 1
| #define HAVE_UNISTD_H 1
| #define HAVE_DLFCN_H 1
| /* end confdefs.h.  */
| #include <ac_nonexistent.h>
configure:6604: checking for g77
configure:6633: result: no
configure:6604: checking for f77
configure:6633: result: no
configure:6604: checking for xlf
configure:6633: result: no
configure:6604: checking for frt
configure:6633: result: no
configure:6604: checking for pgf77
configure:6633: result: no
configure:6604: checking for fort77
configure:6633: result: no
configure:6604: checking for fl32
configure:6633: result: no
configure:6604: checking for af77
configure:6633: result: no
configure:6604: checking for f90
configure:6633: result: no
configure:6604: checking for xlf90
configure:6633: result: no
configure:6604: checking for pgf90
configure:6633: result: no
configure:6604: checking for epcf90
configure:6633: result: no
configure:6604: checking for f95
configure:6633: result: no
configure:6604: checking for fort
configure:6633: result: no
configure:6604: checking for xlf95
configure:6633: result: no
configure:6604: checking for ifc
configure:6633: result: no
configure:6604: checking for efc
configure:6633: result: no
configure:6604: checking for pgf95
configure:6633: result: no
configure:6604: checking for lf95
configure:6633: result: no
configure:6604: checking for gfortran
configure:6620: found /Users/anthony/local/bin/gfortran
configure:6630: result: gfortran
configure:6645: checking for Fortran 77 compiler version
configure:6648: gfortran --version </dev/null >&5
couldn't understand kern.osversion `14.5.0'
GNU Fortran (GCC) 4.3.0 20071026 (experimental)
Copyright (C) 2007 Free Software Foundation, Inc.

GNU Fortran comes with NO WARRANTY, to the extent permitted by law.
You may redistribute copies of GNU Fortran
under the terms of the GNU General Public License.
For more information about these matters, see the file named COPYING

configure:6651: $? = 0
configure:6653: gfortran -v </dev/null >&5
couldn't understand kern.osversion `14.5.0'
Using built-in specs.
Target: i386-apple-darwin9.0.0
Configured with: ../gcc-4.3-20071026/configure --enable-languages=fortran
Thread model: posix
gcc version 4.3.0 20071026 (experimental) (GCC) 
configure:6656: $? = 0
configure:6658: gfortran -V </dev/null >&5
gfortran: '-V' option must have argument
configure:6661: $? = 1
configure:6669: checking whether we are using the GNU Fortran 77 compiler
configure:6683: gfortran -c  conftest.F >&5
couldn't understand kern.osversion `14.5.0'
configure:6689: $? = 0
configure:6693: test -z 
			 || test ! -s conftest.err
configure:6696: $? = 0
configure:6699: test -s conftest.o
configure:6702: $? = 0
configure:6715: result: yes
configure:6721: checking whether gfortran accepts -g
configure:6733: gfortran -c -g conftest.f >&5
couldn't understand kern.osversion `14.5.0'
configure:6739: $? = 0
configure:6743: test -z 
			 || test ! -s conftest.err
configure:6746: $? = 0
configure:6749: test -s conftest.o
configure:6752: $? = 0
configure:6764: result: yes
configure:6794: checking the maximum length of command line arguments
configure:6859: result: 65536
configure:6870: checking command to parse /usr/bin/nm output from gcc object
configure:6959: gcc -c -g -O2  conftest.c >&5
configure:6962: $? = 0
configure:6966: /usr/bin/nm conftest.o \| sed -n -e 's/^.*[ 	]\([BCDEGRST][BCDEGRST]*\)[ 	][ 	]*\(\)\([_A-Za-z][_A-Za-z0-9]*\)$/\1 \2\3 \3/p' \> conftest.nm
configure:6969: $? = 0
cannot find nm_test_var in conftest.nm
configure:6959: gcc -c -g -O2  conftest.c >&5
configure:6962: $? = 0
configure:6966: /usr/bin/nm conftest.o \| sed -n -e 's/^.*[ 	]\([BCDEGRST][BCDEGRST]*\)[ 	][ 	]*\(_\)\([_A-Za-z][_A-Za-z0-9]*\)$/\1 \2\3 \3/p' \> conftest.nm
configure:6969: $? = 0
configure:7021: gcc -o conftest -g -O2   conftest.c conftstm.o >&5
warning: (x86_64)  could not find object file symbol for symbol _main
configure:7024: $? = 0
configure:7062: result: ok
configure:7066: checking for objdir
configure:7081: result: .libs
configure:7171: checking for ar
configure:7187: found /opt/local/bin/ar
configure:7198: result: ar
configure:7251: checking for ranlib
configure:7267: found /usr/bin/ranlib
configure:7278: result: ranlib
configure:7331: checking for strip
configure:7347: found /usr/bin/strip
configure:7358: result: strip
configure:7620: checking if gcc static flag  works
configure:7643: result: yes
configure:7661: checking if gcc supports -fno-rtti -fno-exceptions
configure:7679: gcc -c -g -O2  -fno-rtti -fno-exceptions conftest.c >&5
configure:7683: $? = 0
configure:7694: result: yes
configure:7709: checking for gcc option to produce PIC
configure:7886: result: -fno-common
configure:7894: checking if gcc PIC flag -fno-common works
configure:7912: gcc -c -g -O2  -fno-common -DPIC conftest.c >&5
configure:7916: $? = 0
configure:7927: result: yes
configure:7951: checking if gcc supports -c -o file.o
configure:7972: gcc -c -g -O2  -o out/conftest2.o conftest.c >&5
configure:7976: $? = 0
configure:7996: result: yes
configure:8022: checking whether the gcc linker (/Applications/Xcode.app/Contents/Developer/Toolchains/XcodeDefault.xctoolchain/usr/bin/ld) supports shared libraries
configure:8886: result: yes
configure:8957: checking dynamic linker characteristics
configure:9518: result: darwin14.5.0 dyld
configure:9522: checking how to hardcode library paths into programs
configure:9547: result: immediate
configure:9561: checking whether stripping libraries is possible
configure:9574: result: yes
configure:10452: checking if libtool supports shared libraries
configure:10454: result: yes
configure:10457: checking whether to build shared libraries
configure:10515: result: yes
configure:10518: checking whether to build static libraries
configure:10522: result: yes
configure:10614: creating libtool
configure:11161: checking for ld used by g++
configure:11228: result: /Applications/Xcode.app/Contents/Developer/Toolchains/XcodeDefault.xctoolchain/usr/bin/ld
configure:11237: checking if the linker (/Applications/Xcode.app/Contents/Developer/Toolchains/XcodeDefault.xctoolchain/usr/bin/ld) is GNU ld
configure:11252: result: no
configure:11303: checking whether the g++ linker (/Applications/Xcode.app/Contents/Developer/Toolchains/XcodeDefault.xctoolchain/usr/bin/ld) supports shared libraries
configure:12147: result: yes
configure:12165: g++ -c -g -O2  conftest.cc >&5
configure:12168: $? = 0
configure:12264: checking for g++ option to produce PIC
configure:12516: result: -fno-common
configure:12524: checking if g++ PIC flag -fno-common works
configure:12542: g++ -c -g -O2  -fno-common -DPIC conftest.cc >&5
configure:12546: $? = 0
configure:12557: result: yes
configure:12581: checking if g++ supports -c -o file.o
configure:12602: g++ -c -g -O2  -o out/conftest2.o conftest.cc >&5
configure:12606: $? = 0
configure:12626: result: yes
configure:12652: checking whether the g++ linker (/Applications/Xcode.app/Contents/Developer/Toolchains/XcodeDefault.xctoolchain/usr/bin/ld) supports shared libraries
configure:12677: result: yes
configure:12748: checking dynamic linker characteristics
configure:13309: result: darwin14.5.0 dyld
configure:13313: checking how to hardcode library paths into programs
configure:13338: result: immediate
configure:13352: checking whether stripping libraries is possible
configure:13365: result: yes
configure:14720: checking if libtool supports shared libraries
configure:14722: result: yes
configure:14725: checking whether to build shared libraries
configure:14743: result: yes
configure:14746: checking whether to build static libraries
configure:14750: result: yes
configure:14762: checking for gfortran option to produce PIC
configure:14939: result: -fno-common
configure:14947: checking if gfortran PIC flag -fno-common works
configure:14965: gfortran -c -g -O2 -fno-common conftest.f >&5
couldn't understand kern.osversion `14.5.0'
configure:14969: $? = 0
configure:14980: result: no
configure:15004: checking if gfortran supports -c -o file.o
configure:15025: gfortran -c -g -O2 -o out/conftest2.o conftest.f >&5
couldn't understand kern.osversion `14.5.0'
configure:15029: $? = 0
configure:15049: result: no
configure:15075: checking whether the gfortran linker (/Applications/Xcode.app/Contents/Developer/Toolchains/XcodeDefault.xctoolchain/usr/bin/ld) supports shared libraries
configure:15903: result: yes
configure:15974: checking dynamic linker characteristics
configure:16535: result: darwin14.5.0 dyld
configure:16539: checking how to hardcode library paths into programs
configure:16564: result: immediate
configure:16578: checking whether stripping libraries is possible
configure:16591: result: yes
configure:20775: checking for a BSD-compatible install
configure:20830: result: /usr/bin/install -c
configure:20844: checking for etree_open in -letree
configure:20882: gcc -o conftest -g -O2   conftest.c -letree   >&5
ld: library not found for -letree
clang: error: linker command failed with exit code 1 (use -v to see invocation)
configure:20888: $? = 1
configure: failed program was:
| /* confdefs.h.  */
| 
| #define PACKAGE_NAME "cencalvm"
| #define PACKAGE_TARNAME "cencalvm"
| #define PACKAGE_VERSION "0.4.0"
| #define PACKAGE_STRING "cencalvm 0.4.0"
| #define PACKAGE_BUGREPORT "baagaard@usgs.gov"
| #define PACKAGE "cencalvm"
| #define VERSION "0.4.0"
| #ifdef __cplusplus
| extern "C" void exit (int) throw ();
| #endif
| #define STDC_HEADERS 1
| #define HAVE_SYS_TYPES_H 1
| #define HAVE_SYS_STAT_H 1
| #define HAVE_STDLIB_H 1
| #define HAVE_STRING_H 1
| #define HAVE_MEMORY_H 1
| #define HAVE_STRINGS_H 1
| #define HAVE_INTTYPES_H 1
| #define HAVE_STDINT_H 1
| #define HAVE_UNISTD_H 1
| #define HAVE_DLFCN_H 1
| /* end confdefs.h.  */
| 
| /* Override any gcc2 internal prototype to avoid an error.  */
| #ifdef __cplusplus
| extern "C"
| #endif
| /* We use char because int might match the return type of a gcc2
|    builtin and then its argument prototype would still apply.  */
| char etree_open ();
| #ifdef FC_DUMMY_MAIN
| #ifndef FC_DUMMY_MAIN_EQ_F77
| #  ifdef __cplusplus
|      extern "C"
| #  endif
|    int FC_DUMMY_MAIN() { return 1; }
| #endif
| #endif
| int
| main ()
| {
| etree_open ();
|   ;
|   return 0;
| }
configure:20914: result: no
configure:21069: error: Etree library not found; try LDFLAGS="-L<Etree lib dir>"

## ---------------- ##
## Cache variables. ##
## ---------------- ##

ac_cv_build=i686-apple-darwin14.5.0
ac_cv_build_alias=i686-apple-darwin14.5.0
ac_cv_c_compiler_gnu=yes
ac_cv_cxx_compiler_gnu=yes
ac_cv_env_CC_set=
ac_cv_env_CC_value=
ac_cv_env_CFLAGS_set=
ac_cv_env_CFLAGS_value=
ac_cv_env_CPPFLAGS_set=
ac_cv_env_CPPFLAGS_value=
ac_cv_env_CPP_set=
ac_cv_env_CPP_value=
ac_cv_env_CXXCPP_set=
ac_cv_env_CXXCPP_value=
ac_cv_env_CXXFLAGS_set=
ac_cv_env_CXXFLAGS_value=
ac_cv_env_CXX_set=
ac_cv_env_CXX_value=
ac_cv_env_F77_set=
ac_cv_env_F77_value=
ac_cv_env_FCFLAGS_set=
ac_cv_env_FCFLAGS_value=
ac_cv_env_FC_set=
ac_cv_env_FC_value=
ac_cv_env_FFLAGS_set=
ac_cv_env_FFLAGS_value=
ac_cv_env_LDFLAGS_set=
ac_cv_env_LDFLAGS_value=
ac_cv_env_build_alias_set=
ac_cv_env_build_alias_value=
ac_cv_env_host_alias_set=
ac_cv_env_host_alias_value=
ac_cv_env_target_alias_set=
ac_cv_env_target_alias_value=
ac_cv_exeext=
ac_cv_f77_compiler_gnu=yes
ac_cv_fc_compiler_gnu=yes
ac_cv_fc_dummy_main=none
ac_cv_fc_libs=' -L/Users/anthony/local/bin/../lib/gcc/i386-apple-darwin9.0.0/4.3.0 -L/Users/anthony/local/bin/../lib/gcc -L/Users/anthony/local/bin/../lib/gcc/i386-apple-darwin9.0.0/4.3.0/../../.. -lgfortranbegin -lgfortran -lgcc_s.10.4 -lSystem'
ac_cv_fc_mangling=unknown
ac_cv_fortran_dummy_main=none
ac_cv_header_dlfcn_h=yes
ac_cv_header_inttypes_h=yes
ac_cv_header_memory_h=yes
ac_cv_header_stdc=yes
ac_cv_header_stdint_h=yes
ac_cv_header_stdlib_h=yes
ac_cv_header_string_h=yes
ac_cv_header_strings_h=yes
ac_cv_header_sys_stat_h=yes
ac_cv_header_sys_types_h=yes
ac_cv_header_unistd_h=yes
ac_cv_host=i686-apple-darwin14.5.0
ac_cv_host_alias=i686-apple-darwin14.5.0
ac_cv_lib_etree_etree_open=no
ac_cv_objext=o
ac_cv_path_install='/usr/bin/install -c'
ac_cv_prog_AWK=awk
ac_cv_prog_CPP='gcc -E'
ac_cv_prog_CXXCPP='g++ -E'
ac_cv_prog_ac_ct_AR=ar
ac_cv_prog_ac_ct_CC=gcc
ac_cv_prog_ac_ct_CXX=g++
ac_cv_prog_ac_ct_F77=gfortran
ac_cv_prog_ac_ct_FC=gfortran
ac_cv_prog_ac_ct_RANLIB=ranlib
ac_cv_prog_ac_ct_STRIP=strip
ac_cv_prog_cc_g=yes
ac_cv_prog_cc_stdc=
ac_cv_prog_cxx_g=yes
ac_cv_prog_egrep='grep -E'
ac_cv_prog_f77_g=yes
ac_cv_prog_fc_g=yes
ac_cv_prog_fc_v=-v
ac_cv_prog_make_make_set=yes
am_cv_CC_dependencies_compiler_type=gcc3
am_cv_CXX_dependencies_compiler_type=gcc3
lt_cv_deplibs_check_method=pass_all
lt_cv_file_magic_cmd='$MAGIC_CMD'
lt_cv_file_magic_test_file=
lt_cv_ld_reload_flag=-r
lt_cv_objdir=.libs
lt_cv_path_LD=/Applications/Xcode.app/Contents/Developer/Toolchains/XcodeDefault.xctoolchain/usr/bin/ld
lt_cv_path_LDCXX=/Applications/Xcode.app/Contents/Developer/Toolchains/XcodeDefault.xctoolchain/usr/bin/ld
lt_cv_path_NM=/usr/bin/nm
lt_cv_path_SED=/usr/bin/sed
lt_cv_prog_compiler_c_o=yes
lt_cv_prog_compiler_c_o_CXX=yes
lt_cv_prog_compiler_c_o_F77=no
lt_cv_prog_compiler_rtti_exceptions=yes
lt_cv_prog_gnu_ld=no
lt_cv_prog_gnu_ldcxx=no
lt_cv_sys_global_symbol_pipe='sed -n -e '\''s/^.*[ 	]\([BCDEGRST][BCDEGRST]*\)[ 	][ 	]*\(_\)\([_A-Za-z][_A-Za-z0-9]*\)$/\1 \2\3 \3/p'\'''
lt_cv_sys_global_symbol_to_c_name_address='sed -n -e '\''s/^: \([^ ]*\) $/  {\"\1\", (lt_ptr) 0},/p'\'' -e '\''s/^[BCDEGRST] \([^ ]*\) \([^ ]*\)$/  {"\2", (lt_ptr) \&\2},/p'\'''
lt_cv_sys_global_symbol_to_cdecl='sed -n -e '\''s/^. .* \(.*\)$/extern int \1;/p'\'''
lt_cv_sys_max_cmd_len=65536
lt_lt_cv_prog_compiler_c_o='"yes"'
lt_lt_cv_prog_compiler_c_o_CXX='"yes"'
lt_lt_cv_prog_compiler_c_o_F77='"no"'
lt_lt_cv_sys_global_symbol_pipe='"sed -n -e '\''s/^.*[ 	]\\([BCDEGRST][BCDEGRST]*\\)[ 	][ 	]*\\(_\\)\\([_A-Za-z][_A-Za-z0-9]*\\)\$/\\1 \\2\\3 \\3/p'\''"'
lt_lt_cv_sys_global_symbol_to_c_name_address='"sed -n -e '\''s/^: \\([^ ]*\\) \$/  {\\\"\\1\\\", (lt_ptr) 0},/p'\'' -e '\''s/^[BCDEGRST] \\([^ ]*\\) \\([^ ]*\\)\$/  {\"\\2\", (lt_ptr) \\&\\2},/p'\''"'
lt_lt_cv_sys_global_symbol_to_cdecl='"sed -n -e '\''s/^. .* \\(.*\\)\$/extern int \\1;/p'\''"'

## ----------------- ##
## Output variables. ##
## ----------------- ##

ACLOCAL='${SHELL} /Users/anthony/Dropbox/anthony/soft/velmod_etree/cencalvm-0.4.0/aux-config/missing --run aclocal-1.9'
AMDEPBACKSLASH='\'
AMDEP_FALSE='#'
AMDEP_TRUE=''
AMTAR='${SHELL} /Users/anthony/Dropbox/anthony/soft/velmod_etree/cencalvm-0.4.0/aux-config/missing --run tar'
AR='ar'
AUTOCONF='${SHELL} /Users/anthony/Dropbox/anthony/soft/velmod_etree/cencalvm-0.4.0/aux-config/missing --run autoconf'
AUTOHEADER='${SHELL} /Users/anthony/Dropbox/anthony/soft/velmod_etree/cencalvm-0.4.0/aux-config/missing --run autoheader'
AUTOMAKE='${SHELL} /Users/anthony/Dropbox/anthony/soft/velmod_etree/cencalvm-0.4.0/aux-config/missing --run automake-1.9'
AWK='awk'
CC='gcc'
CCDEPMODE='depmode=gcc3'
CFLAGS='-g -O2'
CPP='gcc -E'
CPPFLAGS=''
CXX='g++'
CXXCPP='g++ -E'
CXXDEPMODE='depmode=gcc3'
CXXFLAGS='-g -O2'
CYGPATH_W='echo'
DEFS=''
DEPDIR='.deps'
ECHO='/bin/echo'
ECHO_C='ECHO_N=''
ECHO_T=''
EGREP='grep -E'
ENABLE_DOCUMENTATION_FALSE=''
ENABLE_DOCUMENTATION_TRUE=''
ENABLE_SPATIAL_FALSE=''
ENABLE_SPATIAL_TRUE=''
ENABLE_TESTING_FALSE=''
ENABLE_TESTING_TRUE=''
EXEEXT=''
F77='gfortran'
FC='gfortran'
FCFLAGS='-g -O2'
FCLIBS=' -L/Users/anthony/local/bin/../lib/gcc/i386-apple-darwin9.0.0/4.3.0 -L/Users/anthony/local/bin/../lib/gcc -L/Users/anthony/local/bin/../lib/gcc/i386-apple-darwin9.0.0/4.3.0/../../.. -lgfortranbegin -lgfortran -lgcc_s.10.4 -lSystem'
FFLAGS='-g -O2'
INSTALL_DATA='${INSTALL} -m 644'
INSTALL_PROGRAM='${INSTALL}'
INSTALL_SCRIPT='${INSTALL}'
INSTALL_STRIP_PROGRAM='${SHELL} $(install_sh) -c -s'
LDFLAGS=''
LIBOBJS=''
LIBS=''
LIBTOOL='$(SHELL) $(top_builddir)/libtool'
LN_S='ln -s'
LTLIBOBJS=''
MAKEINFO='${SHELL} /Users/anthony/Dropbox/anthony/soft/velmod_etree/cencalvm-0.4.0/aux-config/missing --run makeinfo'
OBJEXT='o'
PACKAGE='cencalvm'
PACKAGE_BUGREPORT='baagaard@usgs.gov'
PACKAGE_NAME='cencalvm'
PACKAGE_STRING='cencalvm 0.4.0'
PACKAGE_TARNAME='cencalvm'
PACKAGE_VERSION='0.4.0'
PATH_SEPARATOR=':'
RANLIB='ranlib'
SET_MAKE=''
SHELL='/bin/sh'
STRIP='strip'
VERSION='0.4.0'
ac_ct_AR='ar'
ac_ct_CC='gcc'
ac_ct_CXX='g++'
ac_ct_F77='gfortran'
ac_ct_FC='gfortran'
ac_ct_RANLIB='ranlib'
ac_ct_STRIP='strip'
am__fastdepCC_FALSE='#'
am__fastdepCC_TRUE=''
am__fastdepCXX_FALSE='#'
am__fastdepCXX_TRUE=''
am__include='include'
am__leading_dot='.'
am__quote=''
am__tar='${AMTAR} chof - "$$tardir"'
am__untar='${AMTAR} xf -'
bindir='${exec_prefix}/bin'
build='i686-apple-darwin14.5.0'
build_alias=''
build_cpu='i686'
build_os='darwin14.5.0'
build_vendor='apple'
datadir='${prefix}/share'
exec_prefix='NONE'
have_doxygen=''
host='i686-apple-darwin14.5.0'
host_alias=''
host_cpu='i686'
host_os='darwin14.5.0'
host_vendor='apple'
includedir='${prefix}/include'
infodir='${prefix}/info'
install_sh='/Users/anthony/Dropbox/anthony/soft/velmod_etree/cencalvm-0.4.0/aux-config/install-sh'
libdir='${exec_prefix}/lib'
libexecdir='${exec_prefix}/libexec'
localstatedir='${prefix}/var'
mandir='${prefix}/man'
mkdir_p='$(install_sh) -d'
oldincludedir='/usr/include'
prefix='NONE'
program_transform_name='s,x,x,'
sbindir='${exec_prefix}/sbin'
sharedstatedir='${prefix}/com'
sysconfdir='${prefix}/etc'
target_alias=''

## ----------- ##
## confdefs.h. ##
## ----------- ##

#define HAVE_DLFCN_H 1
#define HAVE_INTTYPES_H 1
#define HAVE_MEMORY_H 1
#define HAVE_STDINT_H 1
#define HAVE_STDLIB_H 1
#define HAVE_STRINGS_H 1
#define HAVE_STRING_H 1
#define HAVE_SYS_STAT_H 1
#define HAVE_SYS_TYPES_H 1
#define HAVE_UNISTD_H 1
#define PACKAGE "cencalvm"
#define PACKAGE_BUGREPORT "baagaard@usgs.gov"
#define PACKAGE_NAME "cencalvm"
#define PACKAGE_STRING "cencalvm 0.4.0"
#define PACKAGE_TARNAME "cencalvm"
#define PACKAGE_VERSION "0.4.0"
#define STDC_HEADERS 1
#define VERSION "0.4.0"
#endif
#ifdef __cplusplus
extern "C" void exit (int) throw ();

configure: exit 1
